{"level":"error","message":"Unable to start server: Access denied for user ''@'localhost'","name":"SequelizeConnectionError","original":{"code":"ER_ACCESS_DENIED_NO_PASSWORD_ERROR","errno":1698,"sqlMessage":"Access denied for user ''@'localhost'","sqlState":"28000"},"parent":{"code":"ER_ACCESS_DENIED_NO_PASSWORD_ERROR","errno":1698,"sqlMessage":"Access denied for user ''@'localhost'","sqlState":"28000"},"service":"blog-api","stack":"SequelizeConnectionError: Access denied for user ''@'localhost'\n    at ConnectionManager.connect (/home/casan/Documents/projects/anantpragya/backEnd/node_modules/sequelize/lib/dialects/mysql/connection-manager.js:102:17)\n    at process.processTicksAndRejections (node:internal/process/task_queues:105:5)\n    at async ConnectionManager._connect (/home/casan/Documents/projects/anantpragya/backEnd/node_modules/sequelize/lib/dialects/abstract/connection-manager.js:222:24)\n    at async /home/casan/Documents/projects/anantpragya/backEnd/node_modules/sequelize/lib/dialects/abstract/connection-manager.js:174:32\n    at async ConnectionManager.getConnection (/home/casan/Documents/projects/anantpragya/backEnd/node_modules/sequelize/lib/dialects/abstract/connection-manager.js:197:7)\n    at async /home/casan/Documents/projects/anantpragya/backEnd/node_modules/sequelize/lib/sequelize.js:305:26\n    at async Sequelize.authenticate (/home/casan/Documents/projects/anantpragya/backEnd/node_modules/sequelize/lib/sequelize.js:457:5)\n    at async startServer (/home/casan/Documents/projects/anantpragya/backEnd/server.js:65:5)","timestamp":"2025-06-30 17:06:53"}
{"level":"error","message":"Unable to start server: Access denied for user ''@'localhost'","name":"SequelizeConnectionError","original":{"code":"ER_ACCESS_DENIED_NO_PASSWORD_ERROR","errno":1698,"sqlMessage":"Access denied for user ''@'localhost'","sqlState":"28000"},"parent":{"code":"ER_ACCESS_DENIED_NO_PASSWORD_ERROR","errno":1698,"sqlMessage":"Access denied for user ''@'localhost'","sqlState":"28000"},"service":"blog-api","stack":"SequelizeConnectionError: Access denied for user ''@'localhost'\n    at ConnectionManager.connect (/home/casan/Documents/projects/anantpragya/backEnd/node_modules/sequelize/lib/dialects/mysql/connection-manager.js:102:17)\n    at process.processTicksAndRejections (node:internal/process/task_queues:105:5)\n    at async ConnectionManager._connect (/home/casan/Documents/projects/anantpragya/backEnd/node_modules/sequelize/lib/dialects/abstract/connection-manager.js:222:24)\n    at async /home/casan/Documents/projects/anantpragya/backEnd/node_modules/sequelize/lib/dialects/abstract/connection-manager.js:174:32\n    at async ConnectionManager.getConnection (/home/casan/Documents/projects/anantpragya/backEnd/node_modules/sequelize/lib/dialects/abstract/connection-manager.js:197:7)\n    at async /home/casan/Documents/projects/anantpragya/backEnd/node_modules/sequelize/lib/sequelize.js:305:26\n    at async Sequelize.authenticate (/home/casan/Documents/projects/anantpragya/backEnd/node_modules/sequelize/lib/sequelize.js:457:5)\n    at async startServer (/home/casan/Documents/projects/anantpragya/backEnd/server.js:65:5)","timestamp":"2025-06-30 17:07:37"}
{"level":"error","message":"Unable to start server: Access denied for user ''@'localhost'","name":"SequelizeConnectionError","original":{"code":"ER_ACCESS_DENIED_NO_PASSWORD_ERROR","errno":1698,"sqlMessage":"Access denied for user ''@'localhost'","sqlState":"28000"},"parent":{"code":"ER_ACCESS_DENIED_NO_PASSWORD_ERROR","errno":1698,"sqlMessage":"Access denied for user ''@'localhost'","sqlState":"28000"},"service":"blog-api","stack":"SequelizeConnectionError: Access denied for user ''@'localhost'\n    at ConnectionManager.connect (/home/casan/Documents/projects/anantpragya/backEnd/node_modules/sequelize/lib/dialects/mysql/connection-manager.js:102:17)\n    at process.processTicksAndRejections (node:internal/process/task_queues:105:5)\n    at async ConnectionManager._connect (/home/casan/Documents/projects/anantpragya/backEnd/node_modules/sequelize/lib/dialects/abstract/connection-manager.js:222:24)\n    at async /home/casan/Documents/projects/anantpragya/backEnd/node_modules/sequelize/lib/dialects/abstract/connection-manager.js:174:32\n    at async ConnectionManager.getConnection (/home/casan/Documents/projects/anantpragya/backEnd/node_modules/sequelize/lib/dialects/abstract/connection-manager.js:197:7)\n    at async /home/casan/Documents/projects/anantpragya/backEnd/node_modules/sequelize/lib/sequelize.js:305:26\n    at async Sequelize.authenticate (/home/casan/Documents/projects/anantpragya/backEnd/node_modules/sequelize/lib/sequelize.js:457:5)\n    at async startServer (/home/casan/Documents/projects/anantpragya/backEnd/server.js:69:5)","timestamp":"2025-06-30 17:08:26"}
{"level":"debug","message":"Executing (default): SELECT 1+1 AS result","service":"blog-api","timestamp":"2025-06-30 17:10:17"}
{"level":"info","message":"Database connection established successfully.","service":"blog-api","timestamp":"2025-06-30 17:10:17"}
{"level":"debug","message":"Executing (default): SELECT TABLE_NAME FROM INFORMATION_SCHEMA.TABLES WHERE TABLE_TYPE = 'BASE TABLE' AND TABLE_NAME = 'users' AND TABLE_SCHEMA = 'anant_pragya_blog'","service":"blog-api","timestamp":"2025-06-30 17:10:17"}
{"level":"debug","message":"Executing (default): SHOW FULL COLUMNS FROM `users`;","service":"blog-api","timestamp":"2025-06-30 17:10:17"}
{"level":"debug","message":"Executing (default): SELECT CONSTRAINT_NAME as constraint_name,CONSTRAINT_NAME as constraintName,CONSTRAINT_SCHEMA as constraintSchema,CONSTRAINT_SCHEMA as constraintCatalog,TABLE_NAME as tableName,TABLE_SCHEMA as tableSchema,TABLE_SCHEMA as tableCatalog,COLUMN_NAME as columnName,REFERENCED_TABLE_SCHEMA as referencedTableSchema,REFERENCED_TABLE_SCHEMA as referencedTableCatalog,REFERENCED_TABLE_NAME as referencedTableName,REFERENCED_COLUMN_NAME as referencedColumnName FROM INFORMATION_SCHEMA.KEY_COLUMN_USAGE where TABLE_NAME = 'users' AND CONSTRAINT_NAME!='PRIMARY' AND CONSTRAINT_SCHEMA='anant_pragya_blog' AND REFERENCED_TABLE_NAME IS NOT NULL;","service":"blog-api","timestamp":"2025-06-30 17:10:17"}
{"level":"debug","message":"Executing (default): ALTER TABLE `users` CHANGE `first_name` `first_name` VARCHAR(255) NOT NULL;","service":"blog-api","timestamp":"2025-06-30 17:10:17"}
{"level":"debug","message":"Executing (default): ALTER TABLE `users` CHANGE `last_name` `last_name` VARCHAR(255) NOT NULL;","service":"blog-api","timestamp":"2025-06-30 17:10:17"}
{"level":"debug","message":"Executing (default): ALTER TABLE `users` CHANGE `email` `email` VARCHAR(255) NOT NULL UNIQUE;","service":"blog-api","timestamp":"2025-06-30 17:10:17"}
{"level":"debug","message":"Executing (default): ALTER TABLE `users` CHANGE `password` `password` VARCHAR(255) NOT NULL;","service":"blog-api","timestamp":"2025-06-30 17:10:17"}
{"level":"debug","message":"Executing (default): ALTER TABLE `users` CHANGE `created_at` `created_at` DATETIME;","service":"blog-api","timestamp":"2025-06-30 17:10:17"}
{"level":"debug","message":"Executing (default): ALTER TABLE `users` CHANGE `created_by` `created_by` CHAR(36) BINARY;","service":"blog-api","timestamp":"2025-06-30 17:10:17"}
{"level":"debug","message":"Executing (default): ALTER TABLE `users` CHANGE `updated_at` `updated_at` DATETIME;","service":"blog-api","timestamp":"2025-06-30 17:10:17"}
{"level":"debug","message":"Executing (default): ALTER TABLE `users` CHANGE `updated_by` `updated_by` CHAR(36) BINARY;","service":"blog-api","timestamp":"2025-06-30 17:10:17"}
{"level":"debug","message":"Executing (default): ALTER TABLE `users` CHANGE `is_active` `is_active` TINYINT(1) DEFAULT true;","service":"blog-api","timestamp":"2025-06-30 17:10:17"}
{"level":"debug","message":"Executing (default): ALTER TABLE `users` CHANGE `is_deleted` `is_deleted` TINYINT(1) DEFAULT false;","service":"blog-api","timestamp":"2025-06-30 17:10:17"}
{"level":"debug","message":"Executing (default): ALTER TABLE `users` CHANGE `role` `role` TINYINT DEFAULT 1 COMMENT '0 for Admin, 1 for Normal User';","service":"blog-api","timestamp":"2025-06-30 17:10:17"}
{"level":"debug","message":"Executing (default): SHOW INDEX FROM `users`","service":"blog-api","timestamp":"2025-06-30 17:10:17"}
{"level":"debug","message":"Executing (default): ALTER TABLE `users` ADD INDEX `users_email` (`email`)","service":"blog-api","timestamp":"2025-06-30 17:10:17"}
{"level":"debug","message":"Executing (default): ALTER TABLE `users` ADD INDEX `users_role` (`role`)","service":"blog-api","timestamp":"2025-06-30 17:10:18"}
{"level":"debug","message":"Executing (default): SELECT TABLE_NAME FROM INFORMATION_SCHEMA.TABLES WHERE TABLE_TYPE = 'BASE TABLE' AND TABLE_NAME = 'category' AND TABLE_SCHEMA = 'anant_pragya_blog'","service":"blog-api","timestamp":"2025-06-30 17:10:18"}
{"level":"debug","message":"Executing (default): SHOW FULL COLUMNS FROM `category`;","service":"blog-api","timestamp":"2025-06-30 17:10:18"}
{"level":"debug","message":"Executing (default): SELECT CONSTRAINT_NAME as constraint_name,CONSTRAINT_NAME as constraintName,CONSTRAINT_SCHEMA as constraintSchema,CONSTRAINT_SCHEMA as constraintCatalog,TABLE_NAME as tableName,TABLE_SCHEMA as tableSchema,TABLE_SCHEMA as tableCatalog,COLUMN_NAME as columnName,REFERENCED_TABLE_SCHEMA as referencedTableSchema,REFERENCED_TABLE_SCHEMA as referencedTableCatalog,REFERENCED_TABLE_NAME as referencedTableName,REFERENCED_COLUMN_NAME as referencedColumnName FROM INFORMATION_SCHEMA.KEY_COLUMN_USAGE where TABLE_NAME = 'category' AND CONSTRAINT_NAME!='PRIMARY' AND CONSTRAINT_SCHEMA='anant_pragya_blog' AND REFERENCED_TABLE_NAME IS NOT NULL;","service":"blog-api","timestamp":"2025-06-30 17:10:18"}
{"level":"debug","message":"Executing (default): ALTER TABLE `category` CHANGE `name` `name` VARCHAR(255) NOT NULL;","service":"blog-api","timestamp":"2025-06-30 17:10:18"}
{"level":"debug","message":"Executing (default): ALTER TABLE `category` CHANGE `created_at` `created_at` DATETIME;","service":"blog-api","timestamp":"2025-06-30 17:10:18"}
{"level":"debug","message":"Executing (default): ALTER TABLE `category` CHANGE `created_by` `created_by` CHAR(36) BINARY;","service":"blog-api","timestamp":"2025-06-30 17:10:18"}
{"level":"error","message":"Unable to start server: Cannot change column 'created_by': used in a foreign key constraint 'category_ibfk_1'","name":"SequelizeDatabaseError","original":{"code":"ER_FK_COLUMN_CANNOT_CHANGE","errno":1832,"sql":"ALTER TABLE `category` CHANGE `created_by` `created_by` CHAR(36) BINARY;","sqlMessage":"Cannot change column 'created_by': used in a foreign key constraint 'category_ibfk_1'","sqlState":"HY000"},"parameters":{},"parent":{"code":"ER_FK_COLUMN_CANNOT_CHANGE","errno":1832,"sql":"ALTER TABLE `category` CHANGE `created_by` `created_by` CHAR(36) BINARY;","sqlMessage":"Cannot change column 'created_by': used in a foreign key constraint 'category_ibfk_1'","sqlState":"HY000"},"service":"blog-api","sql":"ALTER TABLE `category` CHANGE `created_by` `created_by` CHAR(36) BINARY;","stack":"Error\n    at Query.run (/home/casan/Documents/projects/anantpragya/backEnd/node_modules/sequelize/lib/dialects/mysql/query.js:52:25)\n    at /home/casan/Documents/projects/anantpragya/backEnd/node_modules/sequelize/lib/sequelize.js:315:28\n    at process.processTicksAndRejections (node:internal/process/task_queues:105:5)\n    at async category.sync (/home/casan/Documents/projects/anantpragya/backEnd/node_modules/sequelize/lib/model.js:984:11)\n    at async Sequelize.sync (/home/casan/Documents/projects/anantpragya/backEnd/node_modules/sequelize/lib/sequelize.js:377:9)\n    at async startServer (/home/casan/Documents/projects/anantpragya/backEnd/server.js:75:7)","timestamp":"2025-06-30 17:10:18"}
{"level":"debug","message":"Executing (default): SELECT 1+1 AS result","service":"blog-api","timestamp":"2025-07-01 05:52:16"}
{"level":"info","message":"Database connection established successfully.","service":"blog-api","timestamp":"2025-07-01 05:52:16"}
{"level":"debug","message":"Executing (default): SELECT TABLE_NAME FROM INFORMATION_SCHEMA.TABLES WHERE TABLE_TYPE = 'BASE TABLE' AND TABLE_NAME = 'users' AND TABLE_SCHEMA = 'anant_pragya_blog'","service":"blog-api","timestamp":"2025-07-01 05:52:16"}
{"level":"debug","message":"Executing (default): CREATE TABLE IF NOT EXISTS `users` (`id` CHAR(36) BINARY , `first_name` VARCHAR(255) NOT NULL, `last_name` VARCHAR(255) NOT NULL, `email` VARCHAR(255) NOT NULL UNIQUE, `password` VARCHAR(255) NOT NULL, `role` TINYINT DEFAULT 1 COMMENT '0 for Admin, 1 for Normal User', `created_at` DATETIME, `created_by` CHAR(36) BINARY, `updated_at` DATETIME, `updated_by` CHAR(36) BINARY, `is_active` TINYINT(1) DEFAULT true, `is_deleted` TINYINT(1) DEFAULT false, PRIMARY KEY (`id`)) ENGINE=InnoDB;","service":"blog-api","timestamp":"2025-07-01 05:52:16"}
{"level":"debug","message":"Executing (default): SHOW INDEX FROM `users`","service":"blog-api","timestamp":"2025-07-01 05:52:16"}
{"level":"debug","message":"Executing (default): ALTER TABLE `users` ADD INDEX `users_email` (`email`)","service":"blog-api","timestamp":"2025-07-01 05:52:16"}
{"level":"debug","message":"Executing (default): ALTER TABLE `users` ADD INDEX `users_role` (`role`)","service":"blog-api","timestamp":"2025-07-01 05:52:16"}
{"level":"debug","message":"Executing (default): SELECT TABLE_NAME FROM INFORMATION_SCHEMA.TABLES WHERE TABLE_TYPE = 'BASE TABLE' AND TABLE_NAME = 'category' AND TABLE_SCHEMA = 'anant_pragya_blog'","service":"blog-api","timestamp":"2025-07-01 05:52:16"}
{"level":"debug","message":"Executing (default): CREATE TABLE IF NOT EXISTS `category` (`id` CHAR(36) BINARY , `name` VARCHAR(255) NOT NULL, `created_at` DATETIME, `created_by` CHAR(36) BINARY, `updated_at` DATETIME, `updated_by` CHAR(36) BINARY, `is_active` TINYINT(1) DEFAULT true, `is_deleted` TINYINT(1) DEFAULT false, PRIMARY KEY (`id`)) ENGINE=InnoDB;","service":"blog-api","timestamp":"2025-07-01 05:52:16"}
{"level":"debug","message":"Executing (default): SHOW INDEX FROM `category`","service":"blog-api","timestamp":"2025-07-01 05:52:16"}
{"level":"debug","message":"Executing (default): SELECT TABLE_NAME FROM INFORMATION_SCHEMA.TABLES WHERE TABLE_TYPE = 'BASE TABLE' AND TABLE_NAME = 'post' AND TABLE_SCHEMA = 'anant_pragya_blog'","service":"blog-api","timestamp":"2025-07-01 05:52:16"}
{"level":"debug","message":"Executing (default): CREATE TABLE IF NOT EXISTS `post` (`id` CHAR(36) BINARY , `user_id` CHAR(36) BINARY NOT NULL, `category_id` CHAR(36) BINARY, `title` VARCHAR(255) NOT NULL, `content` TEXT, `tags` VARCHAR(500), `created_at` DATETIME, `created_by` CHAR(36) BINARY, `updated_at` DATETIME, `updated_by` CHAR(36) BINARY, `is_active` TINYINT(1) DEFAULT true, `is_deleted` TINYINT(1) DEFAULT false, PRIMARY KEY (`id`), FOREIGN KEY (`user_id`) REFERENCES `users` (`id`) ON DELETE CASCADE ON UPDATE CASCADE, FOREIGN KEY (`category_id`) REFERENCES `category` (`id`) ON DELETE SET NULL ON UPDATE CASCADE) ENGINE=InnoDB;","service":"blog-api","timestamp":"2025-07-01 05:52:16"}
{"level":"debug","message":"Executing (default): SHOW INDEX FROM `post`","service":"blog-api","timestamp":"2025-07-01 05:52:16"}
{"level":"debug","message":"Executing (default): ALTER TABLE `post` ADD INDEX `post_user_id` (`user_id`)","service":"blog-api","timestamp":"2025-07-01 05:52:16"}
{"level":"debug","message":"Executing (default): ALTER TABLE `post` ADD INDEX `post_category_id` (`category_id`)","service":"blog-api","timestamp":"2025-07-01 05:52:16"}
{"level":"debug","message":"Executing (default): ALTER TABLE `post` ADD INDEX `post_created_at` (`created_at`)","service":"blog-api","timestamp":"2025-07-01 05:52:16"}
{"level":"debug","message":"Executing (default): SELECT TABLE_NAME FROM INFORMATION_SCHEMA.TABLES WHERE TABLE_TYPE = 'BASE TABLE' AND TABLE_NAME = 'post_activity' AND TABLE_SCHEMA = 'anant_pragya_blog'","service":"blog-api","timestamp":"2025-07-01 05:52:16"}
{"level":"debug","message":"Executing (default): CREATE TABLE IF NOT EXISTS `post_activity` (`id` CHAR(36) BINARY , `post_id` CHAR(36) BINARY NOT NULL, `user_id` CHAR(36) BINARY NOT NULL, `like_count` INTEGER DEFAULT 0, `comment` TEXT, `share_count` INTEGER DEFAULT 0, `created_at` DATETIME, `created_by` CHAR(36) BINARY, `updated_at` DATETIME, `updated_by` CHAR(36) BINARY, `is_active` TINYINT(1) DEFAULT true, `is_deleted` TINYINT(1) DEFAULT false, PRIMARY KEY (`id`), FOREIGN KEY (`post_id`) REFERENCES `post` (`id`) ON DELETE CASCADE ON UPDATE CASCADE, FOREIGN KEY (`user_id`) REFERENCES `users` (`id`) ON DELETE CASCADE ON UPDATE CASCADE) ENGINE=InnoDB;","service":"blog-api","timestamp":"2025-07-01 05:52:16"}
{"level":"debug","message":"Executing (default): SHOW INDEX FROM `post_activity`","service":"blog-api","timestamp":"2025-07-01 05:52:16"}
{"level":"debug","message":"Executing (default): ALTER TABLE `post_activity` ADD INDEX `post_activity_post_id` (`post_id`)","service":"blog-api","timestamp":"2025-07-01 05:52:16"}
{"level":"debug","message":"Executing (default): ALTER TABLE `post_activity` ADD INDEX `post_activity_user_id` (`user_id`)","service":"blog-api","timestamp":"2025-07-01 05:52:16"}
{"level":"debug","message":"Executing (default): SELECT TABLE_NAME FROM INFORMATION_SCHEMA.TABLES WHERE TABLE_TYPE = 'BASE TABLE' AND TABLE_NAME = 'post_data' AND TABLE_SCHEMA = 'anant_pragya_blog'","service":"blog-api","timestamp":"2025-07-01 05:52:16"}
{"level":"debug","message":"Executing (default): CREATE TABLE IF NOT EXISTS `post_data` (`id` CHAR(36) BINARY , `post_id` CHAR(36) BINARY NOT NULL, `original_name` VARCHAR(255), `file_path` VARCHAR(500), `file_type` VARCHAR(100), `created_at` DATETIME, `created_by` CHAR(36) BINARY, `updated_at` DATETIME, `updated_by` CHAR(36) BINARY, `is_active` TINYINT(1) DEFAULT true, `is_deleted` TINYINT(1) DEFAULT false, PRIMARY KEY (`id`), FOREIGN KEY (`post_id`) REFERENCES `post` (`id`) ON DELETE CASCADE ON UPDATE CASCADE) ENGINE=InnoDB;","service":"blog-api","timestamp":"2025-07-01 05:52:16"}
{"level":"debug","message":"Executing (default): SHOW INDEX FROM `post_data`","service":"blog-api","timestamp":"2025-07-01 05:52:16"}
{"level":"debug","message":"Executing (default): ALTER TABLE `post_data` ADD INDEX `post_data_post_id` (`post_id`)","service":"blog-api","timestamp":"2025-07-01 05:52:16"}
{"level":"info","message":"Database synchronized.","service":"blog-api","timestamp":"2025-07-01 05:52:16"}
{"level":"info","message":"Server running on port 5001 in development mode","service":"blog-api","timestamp":"2025-07-01 05:52:16"}
{"level":"debug","message":"Executing (default): SELECT `id`, `first_name`, `last_name`, `email`, `password`, `role`, `created_at`, `created_by`, `updated_at`, `updated_by`, `is_active`, `is_deleted` FROM `users` AS `users` WHERE `users`.`email` = 'john.doe@example.com' AND `users`.`is_deleted` = false;","service":"blog-api","timestamp":"2025-07-01 06:12:55"}
{"level":"debug","message":"Executing (default): INSERT INTO `users` (`id`,`first_name`,`last_name`,`email`,`password`,`role`,`created_at`,`updated_at`,`is_active`,`is_deleted`) VALUES (?,?,?,?,?,?,?,?,?,?);","service":"blog-api","timestamp":"2025-07-01 06:12:55"}
{"level":"info","message":"New user registered: john.doe@example.com","service":"blog-api","timestamp":"2025-07-01 06:12:55"}
{"level":"info","message":"::1 - - [01/Jul/2025:00:42:55 +0000] \"POST /api/auth/register HTTP/1.1\" 201 869 \"-\" \"PostmanRuntime/7.43.4\"","service":"blog-api","timestamp":"2025-07-01 06:12:55"}
{"level":"info","message":"SIGINT received, shutting down gracefully","service":"blog-api","timestamp":"2025-07-01 06:20:40"}
{"level":"debug","message":"Executing (default): SELECT 1+1 AS result","service":"blog-api","timestamp":"2025-07-01 06:32:30"}
{"level":"info","message":"Database connection established successfully.","service":"blog-api","timestamp":"2025-07-01 06:32:30"}
{"level":"debug","message":"Executing (default): SELECT TABLE_NAME FROM INFORMATION_SCHEMA.TABLES WHERE TABLE_TYPE = 'BASE TABLE' AND TABLE_NAME = 'users' AND TABLE_SCHEMA = 'anant_pragya_blog'","service":"blog-api","timestamp":"2025-07-01 06:32:30"}
{"level":"debug","message":"Executing (default): SHOW FULL COLUMNS FROM `users`;","service":"blog-api","timestamp":"2025-07-01 06:32:30"}
{"level":"debug","message":"Executing (default): SELECT CONSTRAINT_NAME as constraint_name,CONSTRAINT_NAME as constraintName,CONSTRAINT_SCHEMA as constraintSchema,CONSTRAINT_SCHEMA as constraintCatalog,TABLE_NAME as tableName,TABLE_SCHEMA as tableSchema,TABLE_SCHEMA as tableCatalog,COLUMN_NAME as columnName,REFERENCED_TABLE_SCHEMA as referencedTableSchema,REFERENCED_TABLE_SCHEMA as referencedTableCatalog,REFERENCED_TABLE_NAME as referencedTableName,REFERENCED_COLUMN_NAME as referencedColumnName FROM INFORMATION_SCHEMA.KEY_COLUMN_USAGE where TABLE_NAME = 'users' AND CONSTRAINT_NAME!='PRIMARY' AND CONSTRAINT_SCHEMA='anant_pragya_blog' AND REFERENCED_TABLE_NAME IS NOT NULL;","service":"blog-api","timestamp":"2025-07-01 06:32:30"}
{"level":"debug","message":"Executing (default): ALTER TABLE `users` ADD `is_email_verified` TINYINT(1) DEFAULT false;","service":"blog-api","timestamp":"2025-07-01 06:32:30"}
{"level":"debug","message":"Executing (default): ALTER TABLE `users` ADD `email_verification_token` VARCHAR(255);","service":"blog-api","timestamp":"2025-07-01 06:32:30"}
{"level":"debug","message":"Executing (default): ALTER TABLE `users` ADD `email_verification_expires` DATETIME;","service":"blog-api","timestamp":"2025-07-01 06:32:30"}
{"level":"debug","message":"Executing (default): ALTER TABLE `users` ADD `password_reset_token` VARCHAR(255);","service":"blog-api","timestamp":"2025-07-01 06:32:30"}
{"level":"debug","message":"Executing (default): ALTER TABLE `users` ADD `password_reset_expires` DATETIME;","service":"blog-api","timestamp":"2025-07-01 06:32:30"}
{"level":"debug","message":"Executing (default): ALTER TABLE `users` CHANGE `first_name` `first_name` VARCHAR(255) NOT NULL;","service":"blog-api","timestamp":"2025-07-01 06:32:30"}
{"level":"debug","message":"Executing (default): ALTER TABLE `users` CHANGE `last_name` `last_name` VARCHAR(255) NOT NULL;","service":"blog-api","timestamp":"2025-07-01 06:32:30"}
{"level":"debug","message":"Executing (default): ALTER TABLE `users` CHANGE `email` `email` VARCHAR(255) NOT NULL UNIQUE;","service":"blog-api","timestamp":"2025-07-01 06:32:30"}
{"level":"debug","message":"Executing (default): ALTER TABLE `users` CHANGE `password` `password` VARCHAR(255) NOT NULL;","service":"blog-api","timestamp":"2025-07-01 06:32:30"}
{"level":"debug","message":"Executing (default): ALTER TABLE `users` CHANGE `role` `role` TINYINT DEFAULT 1 COMMENT '0 for Admin, 1 for Normal User';","service":"blog-api","timestamp":"2025-07-01 06:32:30"}
{"level":"debug","message":"Executing (default): ALTER TABLE `users` CHANGE `created_at` `created_at` DATETIME;","service":"blog-api","timestamp":"2025-07-01 06:32:30"}
{"level":"debug","message":"Executing (default): ALTER TABLE `users` CHANGE `created_by` `created_by` CHAR(36) BINARY;","service":"blog-api","timestamp":"2025-07-01 06:32:30"}
{"level":"debug","message":"Executing (default): ALTER TABLE `users` CHANGE `updated_at` `updated_at` DATETIME;","service":"blog-api","timestamp":"2025-07-01 06:32:30"}
{"level":"debug","message":"Executing (default): ALTER TABLE `users` CHANGE `updated_by` `updated_by` CHAR(36) BINARY;","service":"blog-api","timestamp":"2025-07-01 06:32:30"}
{"level":"debug","message":"Executing (default): ALTER TABLE `users` CHANGE `is_active` `is_active` TINYINT(1) DEFAULT true;","service":"blog-api","timestamp":"2025-07-01 06:32:30"}
{"level":"debug","message":"Executing (default): ALTER TABLE `users` CHANGE `is_deleted` `is_deleted` TINYINT(1) DEFAULT false;","service":"blog-api","timestamp":"2025-07-01 06:32:30"}
{"level":"debug","message":"Executing (default): SHOW INDEX FROM `users`","service":"blog-api","timestamp":"2025-07-01 06:32:30"}
{"level":"debug","message":"Executing (default): ALTER TABLE `users` ADD INDEX `users_email_verification_token` (`email_verification_token`)","service":"blog-api","timestamp":"2025-07-01 06:32:30"}
{"level":"debug","message":"Executing (default): ALTER TABLE `users` ADD INDEX `users_password_reset_token` (`password_reset_token`)","service":"blog-api","timestamp":"2025-07-01 06:32:30"}
{"level":"debug","message":"Executing (default): SELECT TABLE_NAME FROM INFORMATION_SCHEMA.TABLES WHERE TABLE_TYPE = 'BASE TABLE' AND TABLE_NAME = 'category' AND TABLE_SCHEMA = 'anant_pragya_blog'","service":"blog-api","timestamp":"2025-07-01 06:32:30"}
{"level":"debug","message":"Executing (default): SHOW FULL COLUMNS FROM `category`;","service":"blog-api","timestamp":"2025-07-01 06:32:30"}
{"level":"debug","message":"Executing (default): SELECT CONSTRAINT_NAME as constraint_name,CONSTRAINT_NAME as constraintName,CONSTRAINT_SCHEMA as constraintSchema,CONSTRAINT_SCHEMA as constraintCatalog,TABLE_NAME as tableName,TABLE_SCHEMA as tableSchema,TABLE_SCHEMA as tableCatalog,COLUMN_NAME as columnName,REFERENCED_TABLE_SCHEMA as referencedTableSchema,REFERENCED_TABLE_SCHEMA as referencedTableCatalog,REFERENCED_TABLE_NAME as referencedTableName,REFERENCED_COLUMN_NAME as referencedColumnName FROM INFORMATION_SCHEMA.KEY_COLUMN_USAGE where TABLE_NAME = 'category' AND CONSTRAINT_NAME!='PRIMARY' AND CONSTRAINT_SCHEMA='anant_pragya_blog' AND REFERENCED_TABLE_NAME IS NOT NULL;","service":"blog-api","timestamp":"2025-07-01 06:32:30"}
{"level":"debug","message":"Executing (default): ALTER TABLE `category` CHANGE `name` `name` VARCHAR(255) NOT NULL;","service":"blog-api","timestamp":"2025-07-01 06:32:30"}
{"level":"debug","message":"Executing (default): ALTER TABLE `category` CHANGE `created_at` `created_at` DATETIME;","service":"blog-api","timestamp":"2025-07-01 06:32:30"}
{"level":"debug","message":"Executing (default): ALTER TABLE `category` CHANGE `created_by` `created_by` CHAR(36) BINARY;","service":"blog-api","timestamp":"2025-07-01 06:32:30"}
{"level":"debug","message":"Executing (default): ALTER TABLE `category` CHANGE `updated_at` `updated_at` DATETIME;","service":"blog-api","timestamp":"2025-07-01 06:32:30"}
{"level":"debug","message":"Executing (default): ALTER TABLE `category` CHANGE `updated_by` `updated_by` CHAR(36) BINARY;","service":"blog-api","timestamp":"2025-07-01 06:32:30"}
{"level":"debug","message":"Executing (default): ALTER TABLE `category` CHANGE `is_active` `is_active` TINYINT(1) DEFAULT true;","service":"blog-api","timestamp":"2025-07-01 06:32:30"}
{"level":"debug","message":"Executing (default): ALTER TABLE `category` CHANGE `is_deleted` `is_deleted` TINYINT(1) DEFAULT false;","service":"blog-api","timestamp":"2025-07-01 06:32:30"}
{"level":"debug","message":"Executing (default): SHOW INDEX FROM `category`","service":"blog-api","timestamp":"2025-07-01 06:32:30"}
{"level":"debug","message":"Executing (default): SELECT TABLE_NAME FROM INFORMATION_SCHEMA.TABLES WHERE TABLE_TYPE = 'BASE TABLE' AND TABLE_NAME = 'post' AND TABLE_SCHEMA = 'anant_pragya_blog'","service":"blog-api","timestamp":"2025-07-01 06:32:30"}
{"level":"debug","message":"Executing (default): SHOW FULL COLUMNS FROM `post`;","service":"blog-api","timestamp":"2025-07-01 06:32:30"}
{"level":"debug","message":"Executing (default): SELECT CONSTRAINT_NAME as constraint_name,CONSTRAINT_NAME as constraintName,CONSTRAINT_SCHEMA as constraintSchema,CONSTRAINT_SCHEMA as constraintCatalog,TABLE_NAME as tableName,TABLE_SCHEMA as tableSchema,TABLE_SCHEMA as tableCatalog,COLUMN_NAME as columnName,REFERENCED_TABLE_SCHEMA as referencedTableSchema,REFERENCED_TABLE_SCHEMA as referencedTableCatalog,REFERENCED_TABLE_NAME as referencedTableName,REFERENCED_COLUMN_NAME as referencedColumnName FROM INFORMATION_SCHEMA.KEY_COLUMN_USAGE where TABLE_NAME = 'post' AND CONSTRAINT_NAME!='PRIMARY' AND CONSTRAINT_SCHEMA='anant_pragya_blog' AND REFERENCED_TABLE_NAME IS NOT NULL;","service":"blog-api","timestamp":"2025-07-01 06:32:30"}
{"level":"debug","message":"Executing (default): SELECT CONSTRAINT_CATALOG AS constraintCatalog, CONSTRAINT_NAME AS constraintName, CONSTRAINT_SCHEMA AS constraintSchema, CONSTRAINT_TYPE AS constraintType, TABLE_NAME AS tableName, TABLE_SCHEMA AS tableSchema from INFORMATION_SCHEMA.TABLE_CONSTRAINTS WHERE table_name='post' AND constraint_name = 'post_ibfk_1' AND TABLE_SCHEMA = 'anant_pragya_blog';","service":"blog-api","timestamp":"2025-07-01 06:32:30"}
{"level":"debug","message":"Executing (default): ALTER TABLE `post` DROP FOREIGN KEY `post_ibfk_1`;","service":"blog-api","timestamp":"2025-07-01 06:32:30"}
{"level":"debug","message":"Executing (default): ALTER TABLE `post` ADD FOREIGN KEY (`user_id`) REFERENCES `users` (`id`) ON DELETE CASCADE ON UPDATE CASCADE;","service":"blog-api","timestamp":"2025-07-01 06:32:30"}
{"level":"debug","message":"Executing (default): SELECT CONSTRAINT_CATALOG AS constraintCatalog, CONSTRAINT_NAME AS constraintName, CONSTRAINT_SCHEMA AS constraintSchema, CONSTRAINT_TYPE AS constraintType, TABLE_NAME AS tableName, TABLE_SCHEMA AS tableSchema from INFORMATION_SCHEMA.TABLE_CONSTRAINTS WHERE table_name='post' AND constraint_name = 'post_ibfk_2' AND TABLE_SCHEMA = 'anant_pragya_blog';","service":"blog-api","timestamp":"2025-07-01 06:32:30"}
{"level":"debug","message":"Executing (default): ALTER TABLE `post` DROP FOREIGN KEY `post_ibfk_2`;","service":"blog-api","timestamp":"2025-07-01 06:32:30"}
{"level":"debug","message":"Executing (default): ALTER TABLE `post` ADD FOREIGN KEY (`category_id`) REFERENCES `category` (`id`) ON DELETE SET NULL ON UPDATE CASCADE;","service":"blog-api","timestamp":"2025-07-01 06:32:30"}
{"level":"debug","message":"Executing (default): ALTER TABLE `post` CHANGE `title` `title` VARCHAR(255) NOT NULL;","service":"blog-api","timestamp":"2025-07-01 06:32:30"}
{"level":"debug","message":"Executing (default): ALTER TABLE `post` CHANGE `content` `content` TEXT;","service":"blog-api","timestamp":"2025-07-01 06:32:30"}
{"level":"debug","message":"Executing (default): ALTER TABLE `post` CHANGE `tags` `tags` VARCHAR(500);","service":"blog-api","timestamp":"2025-07-01 06:32:30"}
{"level":"debug","message":"Executing (default): ALTER TABLE `post` CHANGE `created_at` `created_at` DATETIME;","service":"blog-api","timestamp":"2025-07-01 06:32:30"}
{"level":"debug","message":"Executing (default): ALTER TABLE `post` CHANGE `created_by` `created_by` CHAR(36) BINARY;","service":"blog-api","timestamp":"2025-07-01 06:32:30"}
{"level":"debug","message":"Executing (default): ALTER TABLE `post` CHANGE `updated_at` `updated_at` DATETIME;","service":"blog-api","timestamp":"2025-07-01 06:32:30"}
{"level":"debug","message":"Executing (default): ALTER TABLE `post` CHANGE `updated_by` `updated_by` CHAR(36) BINARY;","service":"blog-api","timestamp":"2025-07-01 06:32:30"}
{"level":"debug","message":"Executing (default): ALTER TABLE `post` CHANGE `is_active` `is_active` TINYINT(1) DEFAULT true;","service":"blog-api","timestamp":"2025-07-01 06:32:30"}
{"level":"debug","message":"Executing (default): ALTER TABLE `post` CHANGE `is_deleted` `is_deleted` TINYINT(1) DEFAULT false;","service":"blog-api","timestamp":"2025-07-01 06:32:30"}
{"level":"debug","message":"Executing (default): SHOW INDEX FROM `post`","service":"blog-api","timestamp":"2025-07-01 06:32:30"}
{"level":"debug","message":"Executing (default): SELECT TABLE_NAME FROM INFORMATION_SCHEMA.TABLES WHERE TABLE_TYPE = 'BASE TABLE' AND TABLE_NAME = 'post_activity' AND TABLE_SCHEMA = 'anant_pragya_blog'","service":"blog-api","timestamp":"2025-07-01 06:32:30"}
{"level":"debug","message":"Executing (default): SHOW FULL COLUMNS FROM `post_activity`;","service":"blog-api","timestamp":"2025-07-01 06:32:30"}
{"level":"debug","message":"Executing (default): SELECT CONSTRAINT_NAME as constraint_name,CONSTRAINT_NAME as constraintName,CONSTRAINT_SCHEMA as constraintSchema,CONSTRAINT_SCHEMA as constraintCatalog,TABLE_NAME as tableName,TABLE_SCHEMA as tableSchema,TABLE_SCHEMA as tableCatalog,COLUMN_NAME as columnName,REFERENCED_TABLE_SCHEMA as referencedTableSchema,REFERENCED_TABLE_SCHEMA as referencedTableCatalog,REFERENCED_TABLE_NAME as referencedTableName,REFERENCED_COLUMN_NAME as referencedColumnName FROM INFORMATION_SCHEMA.KEY_COLUMN_USAGE where TABLE_NAME = 'post_activity' AND CONSTRAINT_NAME!='PRIMARY' AND CONSTRAINT_SCHEMA='anant_pragya_blog' AND REFERENCED_TABLE_NAME IS NOT NULL;","service":"blog-api","timestamp":"2025-07-01 06:32:30"}
{"level":"debug","message":"Executing (default): SELECT CONSTRAINT_CATALOG AS constraintCatalog, CONSTRAINT_NAME AS constraintName, CONSTRAINT_SCHEMA AS constraintSchema, CONSTRAINT_TYPE AS constraintType, TABLE_NAME AS tableName, TABLE_SCHEMA AS tableSchema from INFORMATION_SCHEMA.TABLE_CONSTRAINTS WHERE table_name='post_activity' AND constraint_name = 'post_activity_ibfk_1' AND TABLE_SCHEMA = 'anant_pragya_blog';","service":"blog-api","timestamp":"2025-07-01 06:32:30"}
{"level":"debug","message":"Executing (default): ALTER TABLE `post_activity` DROP FOREIGN KEY `post_activity_ibfk_1`;","service":"blog-api","timestamp":"2025-07-01 06:32:30"}
{"level":"debug","message":"Executing (default): ALTER TABLE `post_activity` ADD FOREIGN KEY (`post_id`) REFERENCES `post` (`id`) ON DELETE CASCADE ON UPDATE CASCADE;","service":"blog-api","timestamp":"2025-07-01 06:32:30"}
{"level":"debug","message":"Executing (default): SELECT CONSTRAINT_CATALOG AS constraintCatalog, CONSTRAINT_NAME AS constraintName, CONSTRAINT_SCHEMA AS constraintSchema, CONSTRAINT_TYPE AS constraintType, TABLE_NAME AS tableName, TABLE_SCHEMA AS tableSchema from INFORMATION_SCHEMA.TABLE_CONSTRAINTS WHERE table_name='post_activity' AND constraint_name = 'post_activity_ibfk_2' AND TABLE_SCHEMA = 'anant_pragya_blog';","service":"blog-api","timestamp":"2025-07-01 06:32:30"}
{"level":"debug","message":"Executing (default): ALTER TABLE `post_activity` DROP FOREIGN KEY `post_activity_ibfk_2`;","service":"blog-api","timestamp":"2025-07-01 06:32:30"}
{"level":"debug","message":"Executing (default): ALTER TABLE `post_activity` ADD FOREIGN KEY (`user_id`) REFERENCES `users` (`id`) ON DELETE CASCADE ON UPDATE CASCADE;","service":"blog-api","timestamp":"2025-07-01 06:32:30"}
{"level":"debug","message":"Executing (default): ALTER TABLE `post_activity` CHANGE `like_count` `like_count` INTEGER DEFAULT 0;","service":"blog-api","timestamp":"2025-07-01 06:32:30"}
{"level":"debug","message":"Executing (default): ALTER TABLE `post_activity` CHANGE `comment` `comment` TEXT;","service":"blog-api","timestamp":"2025-07-01 06:32:30"}
{"level":"debug","message":"Executing (default): ALTER TABLE `post_activity` CHANGE `share_count` `share_count` INTEGER DEFAULT 0;","service":"blog-api","timestamp":"2025-07-01 06:32:30"}
{"level":"debug","message":"Executing (default): ALTER TABLE `post_activity` CHANGE `created_at` `created_at` DATETIME;","service":"blog-api","timestamp":"2025-07-01 06:32:30"}
{"level":"debug","message":"Executing (default): ALTER TABLE `post_activity` CHANGE `created_by` `created_by` CHAR(36) BINARY;","service":"blog-api","timestamp":"2025-07-01 06:32:30"}
{"level":"debug","message":"Executing (default): ALTER TABLE `post_activity` CHANGE `updated_at` `updated_at` DATETIME;","service":"blog-api","timestamp":"2025-07-01 06:32:30"}
{"level":"debug","message":"Executing (default): ALTER TABLE `post_activity` CHANGE `updated_by` `updated_by` CHAR(36) BINARY;","service":"blog-api","timestamp":"2025-07-01 06:32:30"}
{"level":"debug","message":"Executing (default): ALTER TABLE `post_activity` CHANGE `is_active` `is_active` TINYINT(1) DEFAULT true;","service":"blog-api","timestamp":"2025-07-01 06:32:30"}
{"level":"debug","message":"Executing (default): ALTER TABLE `post_activity` CHANGE `is_deleted` `is_deleted` TINYINT(1) DEFAULT false;","service":"blog-api","timestamp":"2025-07-01 06:32:30"}
{"level":"debug","message":"Executing (default): SHOW INDEX FROM `post_activity`","service":"blog-api","timestamp":"2025-07-01 06:32:30"}
{"level":"debug","message":"Executing (default): SELECT TABLE_NAME FROM INFORMATION_SCHEMA.TABLES WHERE TABLE_TYPE = 'BASE TABLE' AND TABLE_NAME = 'post_data' AND TABLE_SCHEMA = 'anant_pragya_blog'","service":"blog-api","timestamp":"2025-07-01 06:32:30"}
{"level":"debug","message":"Executing (default): SHOW FULL COLUMNS FROM `post_data`;","service":"blog-api","timestamp":"2025-07-01 06:32:30"}
{"level":"debug","message":"Executing (default): SELECT CONSTRAINT_NAME as constraint_name,CONSTRAINT_NAME as constraintName,CONSTRAINT_SCHEMA as constraintSchema,CONSTRAINT_SCHEMA as constraintCatalog,TABLE_NAME as tableName,TABLE_SCHEMA as tableSchema,TABLE_SCHEMA as tableCatalog,COLUMN_NAME as columnName,REFERENCED_TABLE_SCHEMA as referencedTableSchema,REFERENCED_TABLE_SCHEMA as referencedTableCatalog,REFERENCED_TABLE_NAME as referencedTableName,REFERENCED_COLUMN_NAME as referencedColumnName FROM INFORMATION_SCHEMA.KEY_COLUMN_USAGE where TABLE_NAME = 'post_data' AND CONSTRAINT_NAME!='PRIMARY' AND CONSTRAINT_SCHEMA='anant_pragya_blog' AND REFERENCED_TABLE_NAME IS NOT NULL;","service":"blog-api","timestamp":"2025-07-01 06:32:30"}
{"level":"debug","message":"Executing (default): SELECT CONSTRAINT_CATALOG AS constraintCatalog, CONSTRAINT_NAME AS constraintName, CONSTRAINT_SCHEMA AS constraintSchema, CONSTRAINT_TYPE AS constraintType, TABLE_NAME AS tableName, TABLE_SCHEMA AS tableSchema from INFORMATION_SCHEMA.TABLE_CONSTRAINTS WHERE table_name='post_data' AND constraint_name = 'post_data_ibfk_1' AND TABLE_SCHEMA = 'anant_pragya_blog';","service":"blog-api","timestamp":"2025-07-01 06:32:30"}
{"level":"debug","message":"Executing (default): ALTER TABLE `post_data` DROP FOREIGN KEY `post_data_ibfk_1`;","service":"blog-api","timestamp":"2025-07-01 06:32:30"}
{"level":"debug","message":"Executing (default): ALTER TABLE `post_data` ADD FOREIGN KEY (`post_id`) REFERENCES `post` (`id`) ON DELETE CASCADE ON UPDATE CASCADE;","service":"blog-api","timestamp":"2025-07-01 06:32:30"}
{"level":"debug","message":"Executing (default): ALTER TABLE `post_data` CHANGE `original_name` `original_name` VARCHAR(255);","service":"blog-api","timestamp":"2025-07-01 06:32:30"}
{"level":"debug","message":"Executing (default): ALTER TABLE `post_data` CHANGE `file_path` `file_path` VARCHAR(500);","service":"blog-api","timestamp":"2025-07-01 06:32:30"}
{"level":"debug","message":"Executing (default): ALTER TABLE `post_data` CHANGE `file_type` `file_type` VARCHAR(100);","service":"blog-api","timestamp":"2025-07-01 06:32:30"}
{"level":"debug","message":"Executing (default): ALTER TABLE `post_data` CHANGE `created_at` `created_at` DATETIME;","service":"blog-api","timestamp":"2025-07-01 06:32:30"}
{"level":"debug","message":"Executing (default): ALTER TABLE `post_data` CHANGE `created_by` `created_by` CHAR(36) BINARY;","service":"blog-api","timestamp":"2025-07-01 06:32:30"}
{"level":"debug","message":"Executing (default): ALTER TABLE `post_data` CHANGE `updated_at` `updated_at` DATETIME;","service":"blog-api","timestamp":"2025-07-01 06:32:30"}
{"level":"debug","message":"Executing (default): ALTER TABLE `post_data` CHANGE `updated_by` `updated_by` CHAR(36) BINARY;","service":"blog-api","timestamp":"2025-07-01 06:32:30"}
{"level":"debug","message":"Executing (default): ALTER TABLE `post_data` CHANGE `is_active` `is_active` TINYINT(1) DEFAULT true;","service":"blog-api","timestamp":"2025-07-01 06:32:30"}
{"level":"debug","message":"Executing (default): ALTER TABLE `post_data` CHANGE `is_deleted` `is_deleted` TINYINT(1) DEFAULT false;","service":"blog-api","timestamp":"2025-07-01 06:32:30"}
{"level":"debug","message":"Executing (default): SHOW INDEX FROM `post_data`","service":"blog-api","timestamp":"2025-07-01 06:32:30"}
{"level":"info","message":"Database synchronized.","service":"blog-api","timestamp":"2025-07-01 06:32:30"}
{"level":"info","message":"Server running on port 5001 in development mode","service":"blog-api","timestamp":"2025-07-01 06:32:30"}
{"level":"info","message":"Email server is ready to send messages","service":"blog-api","timestamp":"2025-07-01 06:32:32"}
{"level":"debug","message":"Executing (default): SELECT `id`, `first_name`, `last_name`, `email`, `password`, `role`, `is_email_verified`, `email_verification_token`, `email_verification_expires`, `password_reset_token`, `password_reset_expires`, `created_at`, `created_by`, `updated_at`, `updated_by`, `is_active`, `is_deleted` FROM `users` AS `users` WHERE `users`.`email` = 'oreximus@gmail.com' AND `users`.`is_deleted` = false;","service":"blog-api","timestamp":"2025-07-01 06:42:01"}
{"level":"debug","message":"Executing (default): INSERT INTO `users` (`id`,`first_name`,`last_name`,`email`,`password`,`role`,`is_email_verified`,`created_at`,`updated_at`,`is_active`,`is_deleted`) VALUES (?,?,?,?,?,?,?,?,?,?,?);","service":"blog-api","timestamp":"2025-07-01 06:42:02"}
{"level":"debug","message":"Executing (default): UPDATE `users` SET `email_verification_token`=?,`email_verification_expires`=?,`updated_at`=? WHERE `id` = ?","service":"blog-api","timestamp":"2025-07-01 06:42:02"}
{"level":"info","message":"Email verification OTP generated for user: bca7b214-2014-40b3-9fad-53464133bbcb","service":"blog-api","timestamp":"2025-07-01 06:42:02"}
{"level":"info","message":"Email sent successfully to oreximus@gmail.com","messageId":"<59e13182-e087-90fe-e865-3a2f19d16ba1@gmail.com>","service":"blog-api","timestamp":"2025-07-01 06:42:06"}
{"level":"info","message":"New user registered: oreximus@gmail.com","service":"blog-api","timestamp":"2025-07-01 06:42:06"}
{"level":"info","message":"::1 - - [01/Jul/2025:01:12:06 +0000] \"POST /api/auth/register HTTP/1.1\" 201 503 \"-\" \"PostmanRuntime/7.43.4\"","service":"blog-api","timestamp":"2025-07-01 06:42:06"}
{"level":"info","message":"SIGINT received, shutting down gracefully","service":"blog-api","timestamp":"2025-07-01 06:55:59"}
{"level":"debug","message":"Executing (default): SELECT 1+1 AS result","service":"blog-api","timestamp":"2025-07-01 09:27:24"}
{"level":"info","message":"Database connection established successfully.","service":"blog-api","timestamp":"2025-07-01 09:27:24"}
{"level":"debug","message":"Executing (default): SELECT TABLE_NAME FROM INFORMATION_SCHEMA.TABLES WHERE TABLE_TYPE = 'BASE TABLE' AND TABLE_NAME = 'users' AND TABLE_SCHEMA = 'anant_pragya_blog'","service":"blog-api","timestamp":"2025-07-01 09:27:24"}
{"level":"debug","message":"Executing (default): SHOW FULL COLUMNS FROM `users`;","service":"blog-api","timestamp":"2025-07-01 09:27:24"}
{"level":"debug","message":"Executing (default): SELECT CONSTRAINT_NAME as constraint_name,CONSTRAINT_NAME as constraintName,CONSTRAINT_SCHEMA as constraintSchema,CONSTRAINT_SCHEMA as constraintCatalog,TABLE_NAME as tableName,TABLE_SCHEMA as tableSchema,TABLE_SCHEMA as tableCatalog,COLUMN_NAME as columnName,REFERENCED_TABLE_SCHEMA as referencedTableSchema,REFERENCED_TABLE_SCHEMA as referencedTableCatalog,REFERENCED_TABLE_NAME as referencedTableName,REFERENCED_COLUMN_NAME as referencedColumnName FROM INFORMATION_SCHEMA.KEY_COLUMN_USAGE where TABLE_NAME = 'users' AND CONSTRAINT_NAME!='PRIMARY' AND CONSTRAINT_SCHEMA='anant_pragya_blog' AND REFERENCED_TABLE_NAME IS NOT NULL;","service":"blog-api","timestamp":"2025-07-01 09:27:24"}
{"level":"debug","message":"Executing (default): ALTER TABLE `users` CHANGE `first_name` `first_name` VARCHAR(255) NOT NULL;","service":"blog-api","timestamp":"2025-07-01 09:27:24"}
{"level":"debug","message":"Executing (default): ALTER TABLE `users` CHANGE `last_name` `last_name` VARCHAR(255) NOT NULL;","service":"blog-api","timestamp":"2025-07-01 09:27:24"}
{"level":"debug","message":"Executing (default): ALTER TABLE `users` CHANGE `email` `email` VARCHAR(255) NOT NULL UNIQUE;","service":"blog-api","timestamp":"2025-07-01 09:27:24"}
{"level":"debug","message":"Executing (default): ALTER TABLE `users` CHANGE `password` `password` VARCHAR(255) NOT NULL;","service":"blog-api","timestamp":"2025-07-01 09:27:24"}
{"level":"debug","message":"Executing (default): ALTER TABLE `users` CHANGE `role` `role` TINYINT DEFAULT 1 COMMENT '0 for Admin, 1 for Normal User';","service":"blog-api","timestamp":"2025-07-01 09:27:24"}
{"level":"debug","message":"Executing (default): ALTER TABLE `users` CHANGE `email_verification_token` `email_verification_token` VARCHAR(255);","service":"blog-api","timestamp":"2025-07-01 09:27:24"}
{"level":"debug","message":"Executing (default): ALTER TABLE `users` CHANGE `email_verification_expires` `email_verification_expires` DATETIME;","service":"blog-api","timestamp":"2025-07-01 09:27:24"}
{"level":"debug","message":"Executing (default): ALTER TABLE `users` CHANGE `is_email_verified` `is_email_verified` TINYINT(1) DEFAULT false;","service":"blog-api","timestamp":"2025-07-01 09:27:25"}
{"level":"debug","message":"Executing (default): ALTER TABLE `users` CHANGE `password_reset_token` `password_reset_token` VARCHAR(255);","service":"blog-api","timestamp":"2025-07-01 09:27:25"}
{"level":"debug","message":"Executing (default): ALTER TABLE `users` CHANGE `password_reset_expires` `password_reset_expires` DATETIME;","service":"blog-api","timestamp":"2025-07-01 09:27:25"}
{"level":"debug","message":"Executing (default): ALTER TABLE `users` CHANGE `created_at` `created_at` DATETIME;","service":"blog-api","timestamp":"2025-07-01 09:27:25"}
{"level":"debug","message":"Executing (default): ALTER TABLE `users` CHANGE `created_by` `created_by` CHAR(36) BINARY;","service":"blog-api","timestamp":"2025-07-01 09:27:25"}
{"level":"debug","message":"Executing (default): ALTER TABLE `users` CHANGE `updated_at` `updated_at` DATETIME;","service":"blog-api","timestamp":"2025-07-01 09:27:25"}
{"level":"debug","message":"Executing (default): ALTER TABLE `users` CHANGE `updated_by` `updated_by` CHAR(36) BINARY;","service":"blog-api","timestamp":"2025-07-01 09:27:25"}
{"level":"debug","message":"Executing (default): ALTER TABLE `users` CHANGE `is_active` `is_active` TINYINT(1) DEFAULT true;","service":"blog-api","timestamp":"2025-07-01 09:27:25"}
{"level":"debug","message":"Executing (default): ALTER TABLE `users` CHANGE `is_deleted` `is_deleted` TINYINT(1) DEFAULT false;","service":"blog-api","timestamp":"2025-07-01 09:27:25"}
{"level":"debug","message":"Executing (default): SHOW INDEX FROM `users`","service":"blog-api","timestamp":"2025-07-01 09:27:25"}
{"level":"debug","message":"Executing (default): SELECT TABLE_NAME FROM INFORMATION_SCHEMA.TABLES WHERE TABLE_TYPE = 'BASE TABLE' AND TABLE_NAME = 'category' AND TABLE_SCHEMA = 'anant_pragya_blog'","service":"blog-api","timestamp":"2025-07-01 09:27:25"}
{"level":"debug","message":"Executing (default): SHOW FULL COLUMNS FROM `category`;","service":"blog-api","timestamp":"2025-07-01 09:27:25"}
{"level":"debug","message":"Executing (default): SELECT CONSTRAINT_NAME as constraint_name,CONSTRAINT_NAME as constraintName,CONSTRAINT_SCHEMA as constraintSchema,CONSTRAINT_SCHEMA as constraintCatalog,TABLE_NAME as tableName,TABLE_SCHEMA as tableSchema,TABLE_SCHEMA as tableCatalog,COLUMN_NAME as columnName,REFERENCED_TABLE_SCHEMA as referencedTableSchema,REFERENCED_TABLE_SCHEMA as referencedTableCatalog,REFERENCED_TABLE_NAME as referencedTableName,REFERENCED_COLUMN_NAME as referencedColumnName FROM INFORMATION_SCHEMA.KEY_COLUMN_USAGE where TABLE_NAME = 'category' AND CONSTRAINT_NAME!='PRIMARY' AND CONSTRAINT_SCHEMA='anant_pragya_blog' AND REFERENCED_TABLE_NAME IS NOT NULL;","service":"blog-api","timestamp":"2025-07-01 09:27:25"}
{"level":"debug","message":"Executing (default): ALTER TABLE `category` CHANGE `name` `name` VARCHAR(255) NOT NULL;","service":"blog-api","timestamp":"2025-07-01 09:27:25"}
{"level":"debug","message":"Executing (default): ALTER TABLE `category` CHANGE `created_at` `created_at` DATETIME;","service":"blog-api","timestamp":"2025-07-01 09:27:25"}
{"level":"debug","message":"Executing (default): ALTER TABLE `category` CHANGE `created_by` `created_by` CHAR(36) BINARY;","service":"blog-api","timestamp":"2025-07-01 09:27:25"}
{"level":"debug","message":"Executing (default): ALTER TABLE `category` CHANGE `updated_at` `updated_at` DATETIME;","service":"blog-api","timestamp":"2025-07-01 09:27:25"}
{"level":"debug","message":"Executing (default): ALTER TABLE `category` CHANGE `updated_by` `updated_by` CHAR(36) BINARY;","service":"blog-api","timestamp":"2025-07-01 09:27:25"}
{"level":"debug","message":"Executing (default): ALTER TABLE `category` CHANGE `is_active` `is_active` TINYINT(1) DEFAULT true;","service":"blog-api","timestamp":"2025-07-01 09:27:25"}
{"level":"debug","message":"Executing (default): ALTER TABLE `category` CHANGE `is_deleted` `is_deleted` TINYINT(1) DEFAULT false;","service":"blog-api","timestamp":"2025-07-01 09:27:25"}
{"level":"debug","message":"Executing (default): SHOW INDEX FROM `category`","service":"blog-api","timestamp":"2025-07-01 09:27:25"}
{"level":"debug","message":"Executing (default): SELECT TABLE_NAME FROM INFORMATION_SCHEMA.TABLES WHERE TABLE_TYPE = 'BASE TABLE' AND TABLE_NAME = 'post' AND TABLE_SCHEMA = 'anant_pragya_blog'","service":"blog-api","timestamp":"2025-07-01 09:27:25"}
{"level":"debug","message":"Executing (default): SHOW FULL COLUMNS FROM `post`;","service":"blog-api","timestamp":"2025-07-01 09:27:25"}
{"level":"debug","message":"Executing (default): SELECT CONSTRAINT_NAME as constraint_name,CONSTRAINT_NAME as constraintName,CONSTRAINT_SCHEMA as constraintSchema,CONSTRAINT_SCHEMA as constraintCatalog,TABLE_NAME as tableName,TABLE_SCHEMA as tableSchema,TABLE_SCHEMA as tableCatalog,COLUMN_NAME as columnName,REFERENCED_TABLE_SCHEMA as referencedTableSchema,REFERENCED_TABLE_SCHEMA as referencedTableCatalog,REFERENCED_TABLE_NAME as referencedTableName,REFERENCED_COLUMN_NAME as referencedColumnName FROM INFORMATION_SCHEMA.KEY_COLUMN_USAGE where TABLE_NAME = 'post' AND CONSTRAINT_NAME!='PRIMARY' AND CONSTRAINT_SCHEMA='anant_pragya_blog' AND REFERENCED_TABLE_NAME IS NOT NULL;","service":"blog-api","timestamp":"2025-07-01 09:27:25"}
{"level":"debug","message":"Executing (default): SELECT CONSTRAINT_CATALOG AS constraintCatalog, CONSTRAINT_NAME AS constraintName, CONSTRAINT_SCHEMA AS constraintSchema, CONSTRAINT_TYPE AS constraintType, TABLE_NAME AS tableName, TABLE_SCHEMA AS tableSchema from INFORMATION_SCHEMA.TABLE_CONSTRAINTS WHERE table_name='post' AND constraint_name = 'post_ibfk_3' AND TABLE_SCHEMA = 'anant_pragya_blog';","service":"blog-api","timestamp":"2025-07-01 09:27:25"}
{"level":"debug","message":"Executing (default): ALTER TABLE `post` DROP FOREIGN KEY `post_ibfk_3`;","service":"blog-api","timestamp":"2025-07-01 09:27:25"}
{"level":"debug","message":"Executing (default): ALTER TABLE `post` ADD FOREIGN KEY (`user_id`) REFERENCES `users` (`id`) ON DELETE CASCADE ON UPDATE CASCADE;","service":"blog-api","timestamp":"2025-07-01 09:27:25"}
{"level":"debug","message":"Executing (default): SELECT CONSTRAINT_CATALOG AS constraintCatalog, CONSTRAINT_NAME AS constraintName, CONSTRAINT_SCHEMA AS constraintSchema, CONSTRAINT_TYPE AS constraintType, TABLE_NAME AS tableName, TABLE_SCHEMA AS tableSchema from INFORMATION_SCHEMA.TABLE_CONSTRAINTS WHERE table_name='post' AND constraint_name = 'post_ibfk_4' AND TABLE_SCHEMA = 'anant_pragya_blog';","service":"blog-api","timestamp":"2025-07-01 09:27:25"}
{"level":"debug","message":"Executing (default): ALTER TABLE `post` DROP FOREIGN KEY `post_ibfk_4`;","service":"blog-api","timestamp":"2025-07-01 09:27:25"}
{"level":"debug","message":"Executing (default): ALTER TABLE `post` ADD FOREIGN KEY (`category_id`) REFERENCES `category` (`id`) ON DELETE SET NULL ON UPDATE CASCADE;","service":"blog-api","timestamp":"2025-07-01 09:27:25"}
{"level":"debug","message":"Executing (default): ALTER TABLE `post` CHANGE `title` `title` VARCHAR(255) NOT NULL;","service":"blog-api","timestamp":"2025-07-01 09:27:25"}
{"level":"debug","message":"Executing (default): ALTER TABLE `post` CHANGE `content` `content` TEXT;","service":"blog-api","timestamp":"2025-07-01 09:27:25"}
{"level":"debug","message":"Executing (default): ALTER TABLE `post` CHANGE `tags` `tags` VARCHAR(500);","service":"blog-api","timestamp":"2025-07-01 09:27:25"}
{"level":"debug","message":"Executing (default): ALTER TABLE `post` CHANGE `created_at` `created_at` DATETIME;","service":"blog-api","timestamp":"2025-07-01 09:27:25"}
{"level":"debug","message":"Executing (default): ALTER TABLE `post` CHANGE `created_by` `created_by` CHAR(36) BINARY;","service":"blog-api","timestamp":"2025-07-01 09:27:25"}
{"level":"debug","message":"Executing (default): ALTER TABLE `post` CHANGE `updated_at` `updated_at` DATETIME;","service":"blog-api","timestamp":"2025-07-01 09:27:25"}
{"level":"debug","message":"Executing (default): ALTER TABLE `post` CHANGE `updated_by` `updated_by` CHAR(36) BINARY;","service":"blog-api","timestamp":"2025-07-01 09:27:25"}
{"level":"debug","message":"Executing (default): ALTER TABLE `post` CHANGE `is_active` `is_active` TINYINT(1) DEFAULT true;","service":"blog-api","timestamp":"2025-07-01 09:27:25"}
{"level":"debug","message":"Executing (default): ALTER TABLE `post` CHANGE `is_deleted` `is_deleted` TINYINT(1) DEFAULT false;","service":"blog-api","timestamp":"2025-07-01 09:27:25"}
{"level":"debug","message":"Executing (default): SHOW INDEX FROM `post`","service":"blog-api","timestamp":"2025-07-01 09:27:25"}
{"level":"debug","message":"Executing (default): SELECT TABLE_NAME FROM INFORMATION_SCHEMA.TABLES WHERE TABLE_TYPE = 'BASE TABLE' AND TABLE_NAME = 'post_activity' AND TABLE_SCHEMA = 'anant_pragya_blog'","service":"blog-api","timestamp":"2025-07-01 09:27:25"}
{"level":"debug","message":"Executing (default): SHOW FULL COLUMNS FROM `post_activity`;","service":"blog-api","timestamp":"2025-07-01 09:27:25"}
{"level":"debug","message":"Executing (default): SELECT CONSTRAINT_NAME as constraint_name,CONSTRAINT_NAME as constraintName,CONSTRAINT_SCHEMA as constraintSchema,CONSTRAINT_SCHEMA as constraintCatalog,TABLE_NAME as tableName,TABLE_SCHEMA as tableSchema,TABLE_SCHEMA as tableCatalog,COLUMN_NAME as columnName,REFERENCED_TABLE_SCHEMA as referencedTableSchema,REFERENCED_TABLE_SCHEMA as referencedTableCatalog,REFERENCED_TABLE_NAME as referencedTableName,REFERENCED_COLUMN_NAME as referencedColumnName FROM INFORMATION_SCHEMA.KEY_COLUMN_USAGE where TABLE_NAME = 'post_activity' AND CONSTRAINT_NAME!='PRIMARY' AND CONSTRAINT_SCHEMA='anant_pragya_blog' AND REFERENCED_TABLE_NAME IS NOT NULL;","service":"blog-api","timestamp":"2025-07-01 09:27:25"}
{"level":"debug","message":"Executing (default): SELECT CONSTRAINT_CATALOG AS constraintCatalog, CONSTRAINT_NAME AS constraintName, CONSTRAINT_SCHEMA AS constraintSchema, CONSTRAINT_TYPE AS constraintType, TABLE_NAME AS tableName, TABLE_SCHEMA AS tableSchema from INFORMATION_SCHEMA.TABLE_CONSTRAINTS WHERE table_name='post_activity' AND constraint_name = 'post_activity_ibfk_3' AND TABLE_SCHEMA = 'anant_pragya_blog';","service":"blog-api","timestamp":"2025-07-01 09:27:25"}
{"level":"debug","message":"Executing (default): ALTER TABLE `post_activity` DROP FOREIGN KEY `post_activity_ibfk_3`;","service":"blog-api","timestamp":"2025-07-01 09:27:25"}
{"level":"debug","message":"Executing (default): ALTER TABLE `post_activity` ADD FOREIGN KEY (`post_id`) REFERENCES `post` (`id`) ON DELETE CASCADE ON UPDATE CASCADE;","service":"blog-api","timestamp":"2025-07-01 09:27:25"}
{"level":"debug","message":"Executing (default): SELECT CONSTRAINT_CATALOG AS constraintCatalog, CONSTRAINT_NAME AS constraintName, CONSTRAINT_SCHEMA AS constraintSchema, CONSTRAINT_TYPE AS constraintType, TABLE_NAME AS tableName, TABLE_SCHEMA AS tableSchema from INFORMATION_SCHEMA.TABLE_CONSTRAINTS WHERE table_name='post_activity' AND constraint_name = 'post_activity_ibfk_4' AND TABLE_SCHEMA = 'anant_pragya_blog';","service":"blog-api","timestamp":"2025-07-01 09:27:25"}
{"level":"debug","message":"Executing (default): ALTER TABLE `post_activity` DROP FOREIGN KEY `post_activity_ibfk_4`;","service":"blog-api","timestamp":"2025-07-01 09:27:25"}
{"level":"debug","message":"Executing (default): ALTER TABLE `post_activity` ADD FOREIGN KEY (`user_id`) REFERENCES `users` (`id`) ON DELETE CASCADE ON UPDATE CASCADE;","service":"blog-api","timestamp":"2025-07-01 09:27:25"}
{"level":"debug","message":"Executing (default): ALTER TABLE `post_activity` CHANGE `like_count` `like_count` INTEGER DEFAULT 0;","service":"blog-api","timestamp":"2025-07-01 09:27:25"}
{"level":"debug","message":"Executing (default): ALTER TABLE `post_activity` CHANGE `comment` `comment` TEXT;","service":"blog-api","timestamp":"2025-07-01 09:27:25"}
{"level":"debug","message":"Executing (default): ALTER TABLE `post_activity` CHANGE `share_count` `share_count` INTEGER DEFAULT 0;","service":"blog-api","timestamp":"2025-07-01 09:27:25"}
{"level":"debug","message":"Executing (default): ALTER TABLE `post_activity` CHANGE `created_at` `created_at` DATETIME;","service":"blog-api","timestamp":"2025-07-01 09:27:25"}
{"level":"debug","message":"Executing (default): ALTER TABLE `post_activity` CHANGE `created_by` `created_by` CHAR(36) BINARY;","service":"blog-api","timestamp":"2025-07-01 09:27:25"}
{"level":"debug","message":"Executing (default): ALTER TABLE `post_activity` CHANGE `updated_at` `updated_at` DATETIME;","service":"blog-api","timestamp":"2025-07-01 09:27:25"}
{"level":"debug","message":"Executing (default): ALTER TABLE `post_activity` CHANGE `updated_by` `updated_by` CHAR(36) BINARY;","service":"blog-api","timestamp":"2025-07-01 09:27:25"}
{"level":"debug","message":"Executing (default): ALTER TABLE `post_activity` CHANGE `is_active` `is_active` TINYINT(1) DEFAULT true;","service":"blog-api","timestamp":"2025-07-01 09:27:25"}
{"level":"debug","message":"Executing (default): ALTER TABLE `post_activity` CHANGE `is_deleted` `is_deleted` TINYINT(1) DEFAULT false;","service":"blog-api","timestamp":"2025-07-01 09:27:25"}
{"level":"debug","message":"Executing (default): SHOW INDEX FROM `post_activity`","service":"blog-api","timestamp":"2025-07-01 09:27:25"}
{"level":"debug","message":"Executing (default): SELECT TABLE_NAME FROM INFORMATION_SCHEMA.TABLES WHERE TABLE_TYPE = 'BASE TABLE' AND TABLE_NAME = 'post_data' AND TABLE_SCHEMA = 'anant_pragya_blog'","service":"blog-api","timestamp":"2025-07-01 09:27:25"}
{"level":"debug","message":"Executing (default): SHOW FULL COLUMNS FROM `post_data`;","service":"blog-api","timestamp":"2025-07-01 09:27:25"}
{"level":"debug","message":"Executing (default): SELECT CONSTRAINT_NAME as constraint_name,CONSTRAINT_NAME as constraintName,CONSTRAINT_SCHEMA as constraintSchema,CONSTRAINT_SCHEMA as constraintCatalog,TABLE_NAME as tableName,TABLE_SCHEMA as tableSchema,TABLE_SCHEMA as tableCatalog,COLUMN_NAME as columnName,REFERENCED_TABLE_SCHEMA as referencedTableSchema,REFERENCED_TABLE_SCHEMA as referencedTableCatalog,REFERENCED_TABLE_NAME as referencedTableName,REFERENCED_COLUMN_NAME as referencedColumnName FROM INFORMATION_SCHEMA.KEY_COLUMN_USAGE where TABLE_NAME = 'post_data' AND CONSTRAINT_NAME!='PRIMARY' AND CONSTRAINT_SCHEMA='anant_pragya_blog' AND REFERENCED_TABLE_NAME IS NOT NULL;","service":"blog-api","timestamp":"2025-07-01 09:27:25"}
{"level":"debug","message":"Executing (default): SELECT CONSTRAINT_CATALOG AS constraintCatalog, CONSTRAINT_NAME AS constraintName, CONSTRAINT_SCHEMA AS constraintSchema, CONSTRAINT_TYPE AS constraintType, TABLE_NAME AS tableName, TABLE_SCHEMA AS tableSchema from INFORMATION_SCHEMA.TABLE_CONSTRAINTS WHERE table_name='post_data' AND constraint_name = 'post_data_ibfk_1' AND TABLE_SCHEMA = 'anant_pragya_blog';","service":"blog-api","timestamp":"2025-07-01 09:27:25"}
{"level":"debug","message":"Executing (default): ALTER TABLE `post_data` DROP FOREIGN KEY `post_data_ibfk_1`;","service":"blog-api","timestamp":"2025-07-01 09:27:25"}
{"level":"debug","message":"Executing (default): ALTER TABLE `post_data` ADD FOREIGN KEY (`post_id`) REFERENCES `post` (`id`) ON DELETE CASCADE ON UPDATE CASCADE;","service":"blog-api","timestamp":"2025-07-01 09:27:25"}
{"level":"debug","message":"Executing (default): ALTER TABLE `post_data` CHANGE `original_name` `original_name` VARCHAR(255);","service":"blog-api","timestamp":"2025-07-01 09:27:25"}
{"level":"debug","message":"Executing (default): ALTER TABLE `post_data` CHANGE `file_path` `file_path` VARCHAR(500);","service":"blog-api","timestamp":"2025-07-01 09:27:25"}
{"level":"debug","message":"Executing (default): ALTER TABLE `post_data` CHANGE `file_type` `file_type` VARCHAR(100);","service":"blog-api","timestamp":"2025-07-01 09:27:25"}
{"level":"debug","message":"Executing (default): ALTER TABLE `post_data` CHANGE `created_at` `created_at` DATETIME;","service":"blog-api","timestamp":"2025-07-01 09:27:25"}
{"level":"debug","message":"Executing (default): ALTER TABLE `post_data` CHANGE `created_by` `created_by` CHAR(36) BINARY;","service":"blog-api","timestamp":"2025-07-01 09:27:25"}
{"level":"debug","message":"Executing (default): ALTER TABLE `post_data` CHANGE `updated_at` `updated_at` DATETIME;","service":"blog-api","timestamp":"2025-07-01 09:27:25"}
{"level":"debug","message":"Executing (default): ALTER TABLE `post_data` CHANGE `updated_by` `updated_by` CHAR(36) BINARY;","service":"blog-api","timestamp":"2025-07-01 09:27:25"}
{"level":"debug","message":"Executing (default): ALTER TABLE `post_data` CHANGE `is_active` `is_active` TINYINT(1) DEFAULT true;","service":"blog-api","timestamp":"2025-07-01 09:27:25"}
{"level":"debug","message":"Executing (default): ALTER TABLE `post_data` CHANGE `is_deleted` `is_deleted` TINYINT(1) DEFAULT false;","service":"blog-api","timestamp":"2025-07-01 09:27:25"}
{"level":"debug","message":"Executing (default): SHOW INDEX FROM `post_data`","service":"blog-api","timestamp":"2025-07-01 09:27:25"}
{"level":"info","message":"Database synchronized.","service":"blog-api","timestamp":"2025-07-01 09:27:25"}
{"level":"info","message":"Server running on port 5001 in development mode","service":"blog-api","timestamp":"2025-07-01 09:27:25"}
{"level":"info","message":"Email server is ready to send messages","service":"blog-api","timestamp":"2025-07-01 09:27:27"}
